Determining if the pthread_create exist failed with the following output:
Change Dir: /cluster/home/jiusun/NoriProjectETHz/build/ext_build/src/nanogui_p-build/ext_build/src/glfw_p-build/CMakeFiles/CMakeTmp

Run Build Command:/cluster/apps/sfos/bin/gmake "cmTryCompileExec2813687929/fast"
gmake[6]: Entering directory '/cluster/home/jiusun/NoriProjectETHz/build/ext_build/src/nanogui_p-build/ext_build/src/glfw_p-build/CMakeFiles/CMakeTmp'
/cluster/apps/sfos/bin/gmake -f CMakeFiles/cmTryCompileExec2813687929.dir/build.make CMakeFiles/cmTryCompileExec2813687929.dir/build
gmake[7]: Entering directory '/cluster/home/jiusun/NoriProjectETHz/build/ext_build/src/nanogui_p-build/ext_build/src/glfw_p-build/CMakeFiles/CMakeTmp'
/usr/bin/cmake -E cmake_progress_report /cluster/home/jiusun/NoriProjectETHz/build/ext_build/src/nanogui_p-build/ext_build/src/glfw_p-build/CMakeFiles/CMakeTmp/CMakeFiles 1
Building C object CMakeFiles/cmTryCompileExec2813687929.dir/CheckSymbolExists.c.o
/usr/bin/gcc    -o CMakeFiles/cmTryCompileExec2813687929.dir/CheckSymbolExists.c.o   -c /cluster/home/jiusun/NoriProjectETHz/build/ext_build/src/nanogui_p-build/ext_build/src/glfw_p-build/CMakeFiles/CMakeTmp/CheckSymbolExists.c
Linking C executable cmTryCompileExec2813687929
/usr/bin/cmake -E cmake_link_script CMakeFiles/cmTryCompileExec2813687929.dir/link.txt --verbose=1
/usr/bin/gcc       CMakeFiles/cmTryCompileExec2813687929.dir/CheckSymbolExists.c.o  -o cmTryCompileExec2813687929 -rdynamic 
CMakeFiles/cmTryCompileExec2813687929.dir/CheckSymbolExists.c.o: In function `main':
CheckSymbolExists.c:(.text+0x16): undefined reference to `pthread_create'
collect2: error: ld returned 1 exit status
gmake[7]: Leaving directory '/cluster/home/jiusun/NoriProjectETHz/build/ext_build/src/nanogui_p-build/ext_build/src/glfw_p-build/CMakeFiles/CMakeTmp'
gmake[6]: Leaving directory '/cluster/home/jiusun/NoriProjectETHz/build/ext_build/src/nanogui_p-build/ext_build/src/glfw_p-build/CMakeFiles/CMakeTmp'
gmake[7]: *** [CMakeFiles/cmTryCompileExec2813687929.dir/build.make:92: cmTryCompileExec2813687929] Error 1
gmake[6]: *** [Makefile:117: cmTryCompileExec2813687929/fast] Error 2

File /cluster/home/jiusun/NoriProjectETHz/build/ext_build/src/nanogui_p-build/ext_build/src/glfw_p-build/CMakeFiles/CMakeTmp/CheckSymbolExists.c:
/* */
#include <pthread.h>

int main(int argc, char** argv)
{
  (void)argv;
#ifndef pthread_create
  return ((int*)(&pthread_create))[argc];
#else
  (void)argc;
  return 0;
#endif
}

Determining if the function pthread_create exists in the pthreads failed with the following output:
Change Dir: /cluster/home/jiusun/NoriProjectETHz/build/ext_build/src/nanogui_p-build/ext_build/src/glfw_p-build/CMakeFiles/CMakeTmp

Run Build Command:/cluster/apps/sfos/bin/gmake "cmTryCompileExec2824375593/fast"
gmake[6]: Entering directory '/cluster/home/jiusun/NoriProjectETHz/build/ext_build/src/nanogui_p-build/ext_build/src/glfw_p-build/CMakeFiles/CMakeTmp'
/cluster/apps/sfos/bin/gmake -f CMakeFiles/cmTryCompileExec2824375593.dir/build.make CMakeFiles/cmTryCompileExec2824375593.dir/build
gmake[7]: Entering directory '/cluster/home/jiusun/NoriProjectETHz/build/ext_build/src/nanogui_p-build/ext_build/src/glfw_p-build/CMakeFiles/CMakeTmp'
/usr/bin/cmake -E cmake_progress_report /cluster/home/jiusun/NoriProjectETHz/build/ext_build/src/nanogui_p-build/ext_build/src/glfw_p-build/CMakeFiles/CMakeTmp/CMakeFiles 1
Building C object CMakeFiles/cmTryCompileExec2824375593.dir/CheckFunctionExists.c.o
/usr/bin/gcc   -DCHECK_FUNCTION_EXISTS=pthread_create   -o CMakeFiles/cmTryCompileExec2824375593.dir/CheckFunctionExists.c.o   -c /usr/share/cmake/Modules/CheckFunctionExists.c
Linking C executable cmTryCompileExec2824375593
/usr/bin/cmake -E cmake_link_script CMakeFiles/cmTryCompileExec2824375593.dir/link.txt --verbose=1
/usr/bin/gcc   -DCHECK_FUNCTION_EXISTS=pthread_create    CMakeFiles/cmTryCompileExec2824375593.dir/CheckFunctionExists.c.o  -o cmTryCompileExec2824375593 -rdynamic -lpthreads 
/cluster/apps/sfos/bin/ld: cannot find -lpthreads
collect2: error: ld returned 1 exit status
gmake[7]: Leaving directory '/cluster/home/jiusun/NoriProjectETHz/build/ext_build/src/nanogui_p-build/ext_build/src/glfw_p-build/CMakeFiles/CMakeTmp'
gmake[7]: *** [CMakeFiles/cmTryCompileExec2824375593.dir/build.make:92: cmTryCompileExec2824375593] Error 1
gmake[6]: *** [Makefile:117: cmTryCompileExec2824375593/fast] Error 2
gmake[6]: Leaving directory '/cluster/home/jiusun/NoriProjectETHz/build/ext_build/src/nanogui_p-build/ext_build/src/glfw_p-build/CMakeFiles/CMakeTmp'


