Determining size of off64_t failed with the following output:
Change Dir: C:/Users/Rongxing/Desktop/ETH/CG/nori/build/ext_build/src/zlib_p-build/CMakeFiles/CMakeScratch/TryCompile-tsj3j3

Run Build Command(s):C:/Program Files (x86)/Microsoft Visual Studio/2019/Community/MSBuild/Current/Bin/MSBuild.exe cmTC_dfb8b.vcxproj /p:Configuration=Debug /p:Platform=x64 /p:VisualStudioVersion=16.0 /v:m && Microsoft (R) Build Engine version 16.11.2+f32259642 for .NET Framework
Copyright (C) Microsoft Corporation. All rights reserved.

  Microsoft (R) C/C++ Optimizing Compiler Version 19.29.30147 for x64
  Copyright (C) Microsoft Corporation.  All rights reserved.
  OFF64_T.c
  cl /c /Zi /W3 /WX- /diagnostics:column /Od /Ob0 /D _MBCS /D WIN32 /D _WINDOWS /D _LARGEFILE64_SOURCE=1 /D HAVE_SYS_TYPES_H /D HAVE_STDINT_H /D HAVE_STDDEF_H /D "CMAKE_INTDIR=\"Debug\"" /Gm- /RTC1 /MDd /GS /fp:precise /Zc:wchar_t /Zc:forScope /Zc:inline /Fo"cmTC_dfb8b.dir\Debug\\" /Fd"cmTC_dfb8b.dir\Debug\vc142.pdb" /external:W3 /Gd /TC /errorReport:queue "C:\Users\Rongxing\Desktop\ETH\CG\nori\build\ext_build\src\zlib_p-build\CMakeFiles\CMakeScratch\TryCompile-tsj3j3\OFF64_T.c"
C:\Users\Rongxing\Desktop\ETH\CG\nori\build\ext_build\src\zlib_p-build\CMakeFiles\CMakeScratch\TryCompile-tsj3j3\OFF64_T.c(29,12): error C2065: 'off64_t': undeclared identifier [C:\Users\Rongxing\Desktop\ETH\CG\nori\build\ext_build\src\zlib_p-build\CMakeFiles\CMakeScratch\TryCompile-tsj3j3\cmTC_dfb8b.vcxproj]
C:\Users\Rongxing\Desktop\ETH\CG\nori\build\ext_build\src\zlib_p-build\CMakeFiles\CMakeScratch\TryCompile-tsj3j3\OFF64_T.c(30,12): error C2065: 'off64_t': undeclared identifier [C:\Users\Rongxing\Desktop\ETH\CG\nori\build\ext_build\src\zlib_p-build\CMakeFiles\CMakeScratch\TryCompile-tsj3j3\cmTC_dfb8b.vcxproj]
C:\Users\Rongxing\Desktop\ETH\CG\nori\build\ext_build\src\zlib_p-build\CMakeFiles\CMakeScratch\TryCompile-tsj3j3\OFF64_T.c(31,12): error C2065: 'off64_t': undeclared identifier [C:\Users\Rongxing\Desktop\ETH\CG\nori\build\ext_build\src\zlib_p-build\CMakeFiles\CMakeScratch\TryCompile-tsj3j3\cmTC_dfb8b.vcxproj]
C:\Users\Rongxing\Desktop\ETH\CG\nori\build\ext_build\src\zlib_p-build\CMakeFiles\CMakeScratch\TryCompile-tsj3j3\OFF64_T.c(32,12): error C2065: 'off64_t': undeclared identifier [C:\Users\Rongxing\Desktop\ETH\CG\nori\build\ext_build\src\zlib_p-build\CMakeFiles\CMakeScratch\TryCompile-tsj3j3\cmTC_dfb8b.vcxproj]
C:\Users\Rongxing\Desktop\ETH\CG\nori\build\ext_build\src\zlib_p-build\CMakeFiles\CMakeScratch\TryCompile-tsj3j3\OFF64_T.c(33,12): error C2065: 'off64_t': undeclared identifier [C:\Users\Rongxing\Desktop\ETH\CG\nori\build\ext_build\src\zlib_p-build\CMakeFiles\CMakeScratch\TryCompile-tsj3j3\cmTC_dfb8b.vcxproj]


OFF64_T.c:
#include <sys/types.h>
#include <stdint.h>
#include <stddef.h>


#undef KEY
#if defined(__i386)
# define KEY '_','_','i','3','8','6'
#elif defined(__x86_64)
# define KEY '_','_','x','8','6','_','6','4'
#elif defined(__PPC64__)
# define KEY '_','_','P','P','C','6','4','_','_'
#elif defined(__ppc64__)
# define KEY '_','_','p','p','c','6','4','_','_'
#elif defined(__PPC__)
# define KEY '_','_','P','P','C','_','_'
#elif defined(__ppc__)
# define KEY '_','_','p','p','c','_','_'
#elif defined(__aarch64__)
# define KEY '_','_','a','a','r','c','h','6','4','_','_'
#elif defined(__ARM_ARCH_7A__)
# define KEY '_','_','A','R','M','_','A','R','C','H','_','7','A','_','_'
#elif defined(__ARM_ARCH_7S__)
# define KEY '_','_','A','R','M','_','A','R','C','H','_','7','S','_','_'
#endif

#define SIZE (sizeof(off64_t))
static char info_size[] =  {'I', 'N', 'F', 'O', ':', 's','i','z','e','[',
  ('0' + ((SIZE / 10000)%10)),
  ('0' + ((SIZE / 1000)%10)),
  ('0' + ((SIZE / 100)%10)),
  ('0' + ((SIZE / 10)%10)),
  ('0' +  (SIZE    % 10)),
  ']',
#ifdef KEY
  ' ','k','e','y','[', KEY, ']',
#endif
  '\0'};

#ifdef __CLASSIC_C__
int main(argc, argv) int argc; char *argv[];
#else
int main(int argc, char *argv[])
#endif
{
  int require = 0;
  require += info_size[argc];
  (void)argv;
  return require;
}


Determining if the function fseeko exists failed with the following output:
Change Dir: C:/Users/Rongxing/Desktop/ETH/CG/nori/build/ext_build/src/zlib_p-build/CMakeFiles/CMakeScratch/TryCompile-zr5qk8

Run Build Command(s):C:/Program Files (x86)/Microsoft Visual Studio/2019/Community/MSBuild/Current/Bin/MSBuild.exe cmTC_b599f.vcxproj /p:Configuration=Debug /p:Platform=x64 /p:VisualStudioVersion=16.0 /v:m && Microsoft (R) Build Engine version 16.11.2+f32259642 for .NET Framework
Copyright (C) Microsoft Corporation. All rights reserved.

  Microsoft (R) C/C++ Optimizing Compiler Version 19.29.30147 for x64
  Copyright (C) Microsoft Corporation.  All rights reserved.
  CheckFunctionExists.c
  cl /c /Zi /W3 /WX- /diagnostics:column /Od /Ob0 /D _MBCS /D WIN32 /D _WINDOWS /D CHECK_FUNCTION_EXISTS=fseeko /D "CMAKE_INTDIR=\"Debug\"" /Gm- /RTC1 /MDd /GS /fp:precise /Zc:wchar_t /Zc:forScope /Zc:inline /Fo"cmTC_b599f.dir\Debug\\" /Fd"cmTC_b599f.dir\Debug\vc142.pdb" /external:W3 /Gd /TC /errorReport:queue "C:\Users\Rongxing\Desktop\ETH\CG\nori\build\ext_build\src\zlib_p-build\CMakeFiles\CMakeScratch\TryCompile-zr5qk8\CheckFunctionExists.c"
CheckFunctionExists.obj : error LNK2019: unresolved external symbol fseeko referenced in function main [C:\Users\Rongxing\Desktop\ETH\CG\nori\build\ext_build\src\zlib_p-build\CMakeFiles\CMakeScratch\TryCompile-zr5qk8\cmTC_b599f.vcxproj]
C:\Users\Rongxing\Desktop\ETH\CG\nori\build\ext_build\src\zlib_p-build\CMakeFiles\CMakeScratch\TryCompile-zr5qk8\Debug\cmTC_b599f.exe : fatal error LNK1120: 1 unresolved externals [C:\Users\Rongxing\Desktop\ETH\CG\nori\build\ext_build\src\zlib_p-build\CMakeFiles\CMakeScratch\TryCompile-zr5qk8\cmTC_b599f.vcxproj]



Determining if the include file unistd.h exists failed with the following output:
Change Dir: C:/Users/Rongxing/Desktop/ETH/CG/nori/build/ext_build/src/zlib_p-build/CMakeFiles/CMakeScratch/TryCompile-at4dvj

Run Build Command(s):C:/Program Files (x86)/Microsoft Visual Studio/2019/Community/MSBuild/Current/Bin/MSBuild.exe cmTC_5fc44.vcxproj /p:Configuration=Debug /p:Platform=x64 /p:VisualStudioVersion=16.0 /v:m && Microsoft (R) Build Engine version 16.11.2+f32259642 for .NET Framework
Copyright (C) Microsoft Corporation. All rights reserved.

  Microsoft (R) C/C++ Optimizing Compiler Version 19.29.30147 for x64
  Copyright (C) Microsoft Corporation.  All rights reserved.
  CheckIncludeFile.c
  cl /c /Zi /W3 /WX- /diagnostics:column /Od /Ob0 /D _MBCS /D WIN32 /D _WINDOWS /D "CMAKE_INTDIR=\"Debug\"" /Gm- /RTC1 /MDd /GS /fp:precise /Zc:wchar_t /Zc:forScope /Zc:inline /Fo"cmTC_5fc44.dir\Debug\\" /Fd"cmTC_5fc44.dir\Debug\vc142.pdb" /external:W3 /Gd /TC /errorReport:queue "C:\Users\Rongxing\Desktop\ETH\CG\nori\build\ext_build\src\zlib_p-build\CMakeFiles\CMakeScratch\TryCompile-at4dvj\CheckIncludeFile.c"
C:\Users\Rongxing\Desktop\ETH\CG\nori\build\ext_build\src\zlib_p-build\CMakeFiles\CMakeScratch\TryCompile-at4dvj\CheckIncludeFile.c(1,10): fatal error C1083: Cannot open include file: 'unistd.h': No such file or directory [C:\Users\Rongxing\Desktop\ETH\CG\nori\build\ext_build\src\zlib_p-build\CMakeFiles\CMakeScratch\TryCompile-at4dvj\cmTC_5fc44.vcxproj]



